<?xml version="1.0" encoding="UTF-8"?>
<!-- Generated by org.testng.reporters.JUnitXMLReporter -->
<testsuite ignored="0" hostname="Tejanand" failures="0" tests="3" name="Test case for Browser Code" time="24.435" errors="0" timestamp="24 Nov 2020 14:35:31 GMT">
  <testcase classname="org.Selenium.TestNg.BrowserCode" name="chrome" time="6.161"/>
  <testcase classname="org.Selenium.TestNg.BrowserCode" name="firefox" time="9.785"/>
  <testcase classname="org.Selenium.TestNg.BrowserCode" name="edge" time="8.435"/>
</testsuite> <!-- Test case for Browser Code -->
