<?xml version="1.0" encoding="UTF-8"?>
<!-- Generated by org.testng.reporters.JUnitXMLReporter -->
<testsuite ignored="0" hostname="Tejanand" failures="0" tests="2" name="Test case for Login functionality" time="13.425" errors="0" timestamp="24 Nov 2020 14:35:20 GMT">
  <testcase classname="org.Selenium.TestNg.Login_tc" name="loginTestUser" time="3.674"/>
  <testcase classname="org.Selenium.TestNg.Login_tc" name="loginAdmin" time="3.045"/>
</testsuite> <!-- Test case for Login functionality -->
