<?xml version="1.0" encoding="UTF-8"?>
<!-- Generated by org.testng.reporters.JUnitXMLReporter -->
<testsuite ignored="0" hostname="Tejanand" failures="0" tests="2" name="Test case for Login functionality" time="16.777" errors="0" timestamp="05 Dec 2020 03:49:49 GMT">
  <testcase classname="org.Selenium.TestNg.Login_tc" name="loginTestUser" time="6.317"/>
  <testcase classname="org.Selenium.TestNg.Login_tc" name="loginAdmin" time="3.567"/>
</testsuite> <!-- Test case for Login functionality -->
