<?xml version="1.0" encoding="UTF-8"?>
<testsuite xmlns:xsi="http://www.w3.org/2001/XMLSchema-instance" xsi:schemaLocation="https://maven.apache.org/surefire/maven-surefire-plugin/xsd/surefire-test-report.xsd" name="TestSuite" time="30.282" tests="5" errors="0" skipped="0" failures="1">
  <properties>
[...]
</properties>
  <testcase name="chrome" classname="org.Selenium.TestNg.BrowserCode" time="3.466"/>
  <testcase name="loginTestUser" classname="org.Selenium.TestNg.Login_tc" time="2.847"/>
  <testcase name="loginAdmin" classname="org.Selenium.TestNg.Login_tc" time="3.569"/>
  <testcase name="firefox" classname="org.Selenium.TestNg.BrowserCode" time="10.481"/>
  <testcase name="edge" classname="org.Selenium.TestNg.BrowserCode" time="5.946">
    <failure message="unknown error: cannot determine loading status&#10;from disconnected: received Inspector.detached event&#10;  (Session info: MicrosoftEdge=87.0.664.47)&#10;Build info: version: &apos;3.141.59&apos;, revision: &apos;e82be7d358&apos;, time: &apos;2018-11-14T08:17:03&apos;&#10;System info: host: &apos;TEJANAND&apos;, ip: &apos;192.168.1.11&apos;, os.name: &apos;Windows 10&apos;, os.arch: &apos;amd64&apos;, os.version: &apos;10.0&apos;, java.version: &apos;11.0.1&apos;&#10;Driver info: org.openqa.selenium.edge.EdgeDriver&#10;Capabilities {acceptInsecureCerts: false, browserName: msedge, browserVersion: 87.0.664.47, javascriptEnabled: true, ms:edgeOptions: {debuggerAddress: localhost:57506}, msedge: {msedgedriverVersion: 87.0.664.41 (472ae67dc3a4d4..., userDataDir: C:\Users\admin\AppData\Loca...}, networkConnectionEnabled: false, pageLoadStrategy: normal, platform: WINDOWS, platformName: WINDOWS, proxy: Proxy(), setWindowRect: true, strictFileInteractability: false, timeouts: {implicit: 0, pageLoad: 300000, script: 30000}, unhandledPromptBehavior: dismiss and notify, webauthn:virtualAuthenticators: true}&#10;Session ID: aa38a2f38afe9ed8695544e01c9df334" type="org.openqa.selenium.WebDriverException">org.openqa.selenium.WebDriverException: 
unknown error: cannot determine loading status
from disconnected: received Inspector.detached event
  (Session info: MicrosoftEdge=87.0.664.47)
Build info: version: '3.141.59', revision: 'e82be7d358', time: '2018-11-14T08:17:03'
System info: host: 'TEJANAND', ip: '192.168.1.11', os.name: 'Windows 10', os.arch: 'amd64', os.version: '10.0', java.version: '11.0.1'
Driver info: org.openqa.selenium.edge.EdgeDriver
Capabilities {acceptInsecureCerts: false, browserName: msedge, browserVersion: 87.0.664.47, javascriptEnabled: true, ms:edgeOptions: {debuggerAddress: localhost:57506}, msedge: {msedgedriverVersion: 87.0.664.41 (472ae67dc3a4d4..., userDataDir: C:\Users\admin\AppData\Loca...}, networkConnectionEnabled: false, pageLoadStrategy: normal, platform: WINDOWS, platformName: WINDOWS, proxy: Proxy(), setWindowRect: true, strictFileInteractability: false, timeouts: {implicit: 0, pageLoad: 300000, script: 30000}, unhandledPromptBehavior: dismiss and notify, webauthn:virtualAuthenticators: true}
Session ID: aa38a2f38afe9ed8695544e01c9df334
	at org.Selenium.TestNg.BrowserCode.edge(BrowserCode.java:35)
</failure>
    <system-err><![CDATA[Starting MSEdgeDriver 87.0.664.41 (472ae67dc3a4d4457aab36554c2a43560301ce8a) on port 15404
Only local connections are allowed.
Please see https://chromedriver.chromium.org/security-considerations for suggestions on keeping MSEdgeDriver safe.
MSEdgeDriver was started successfully.
Dec 05, 2020 9:19:59 AM org.openqa.selenium.remote.ProtocolHandshake createSession
INFO: Detected dialect: W3C
]]></system-err>
  </testcase>
</testsuite>