<?xml version="1.0" encoding="UTF-8"?>
<testng-results ignored="0" total="1" passed="1" failed="0" skipped="0">
  <reporter-output>
  </reporter-output>
  <suite started-at="2020-11-25T15:45:48Z" name="Default suite" finished-at="2020-11-25T15:45:58Z" duration-ms="9764">
    <groups>
    </groups>
    <test started-at="2020-11-25T15:45:48Z" name="Default test" finished-at="2020-11-25T15:45:58Z" duration-ms="9764">
      <class name="com.selenium.webobject.TakeScreenshotCode">
        <test-method is-config="true" signature="beforeTest()[pri:0, instance:com.selenium.webobject.TakeScreenshotCode@548e6d58]" started-at="2020-11-25T15:45:48Z" name="beforeTest" finished-at="2020-11-25T15:45:56Z" duration-ms="8027" status="PASS">
          <reporter-output>
          </reporter-output>
        </test-method> <!-- beforeTest -->
        <test-method signature="f()[pri:0, instance:com.selenium.webobject.TakeScreenshotCode@548e6d58]" started-at="2020-11-25T15:45:56Z" name="f" finished-at="2020-11-25T15:45:58Z" duration-ms="1687" status="PASS">
          <reporter-output>
          </reporter-output>
        </test-method> <!-- f -->
        <test-method is-config="true" signature="afterTest()[pri:0, instance:com.selenium.webobject.TakeScreenshotCode@548e6d58]" started-at="2020-11-25T15:45:58Z" name="afterTest" finished-at="2020-11-25T15:45:58Z" duration-ms="0" status="PASS">
          <reporter-output>
          </reporter-output>
        </test-method> <!-- afterTest -->
      </class> <!-- com.selenium.webobject.TakeScreenshotCode -->
    </test> <!-- Default test -->
  </suite> <!-- Default suite -->
</testng-results>
